<?xml version="1.0" encoding="UTF-8"?>
<!-- Generated by org.testng.reporters.JUnitReportReporter -->
<testsuite skipped="195" hostname="Ashok" name="com.asms.testcases.DirectURLTesting" tests="224" failures="10" timestamp="18 Sep 2019 10:13:28 GMT" time="914.260" errors="2">
  <testcase name="tearDownMethod" time="36.563" classname="com.asms.testcases.DirectURLTesting">
    <error type="org.openqa.selenium.TimeoutException" message="timeout
  (Session info: chrome=76.0.3809.132)
Build info: version: &#039;3.141.59&#039;, revision: &#039;e82be7d358&#039;, time: &#039;2018-11-14T08:17:03&#039;
System info: host: &#039;ASHOK&#039;, ip: &#039;192.168.235.182&#039;, os.name: &#039;Windows 10&#039;, os.arch: &#039;amd64&#039;, os.version: &#039;10.0&#039;, java.version: &#039;1.8.0_191&#039;
Driver info: org.openqa.selenium.chrome.ChromeDriver
Capabilities {acceptInsecureCerts: false, browserName: chrome, browserVersion: 76.0.3809.132, chrome: {chromedriverVersion: 76.0.3809.126 (d80a294506b4..., userDataDir: C:\Users\ashokp\AppData\Loc...}, goog:chromeOptions: {debuggerAddress: localhost:49392}, javascriptEnabled: true, networkConnectionEnabled: false, pageLoadStrategy: normal, platform: XP, platformName: XP, proxy: Proxy(), setWindowRect: true, strictFileInteractability: false, timeouts: {implicit: 0, pageLoad: 300000, script: 30000}, unhandledPromptBehavior: dismiss and notify}
Session ID: 79252299b458413ef98a02876e24bc95">
      <![CDATA[org.openqa.selenium.TimeoutException: timeout
  (Session info: chrome=76.0.3809.132)
Build info: version: '3.141.59', revision: 'e82be7d358', time: '2018-11-14T08:17:03'
System info: host: 'ASHOK', ip: '192.168.235.182', os.name: 'Windows 10', os.arch: 'amd64', os.version: '10.0', java.version: '1.8.0_191'
Driver info: org.openqa.selenium.chrome.ChromeDriver
Capabilities {acceptInsecureCerts: false, browserName: chrome, browserVersion: 76.0.3809.132, chrome: {chromedriverVersion: 76.0.3809.126 (d80a294506b4..., userDataDir: C:\Users\ashokp\AppData\Loc...}, goog:chromeOptions: {debuggerAddress: localhost:49392}, javascriptEnabled: true, networkConnectionEnabled: false, pageLoadStrategy: normal, platform: XP, platformName: XP, proxy: Proxy(), setWindowRect: true, strictFileInteractability: false, timeouts: {implicit: 0, pageLoad: 300000, script: 30000}, unhandledPromptBehavior: dismiss and notify}
Session ID: 79252299b458413ef98a02876e24bc95
at sun.reflect.NativeConstructorAccessorImpl.newInstance0(Native Method)
at sun.reflect.NativeConstructorAccessorImpl.newInstance(NativeConstructorAccessorImpl.java:62)
at sun.reflect.DelegatingConstructorAccessorImpl.newInstance(DelegatingConstructorAccessorImpl.java:45)
at java.lang.reflect.Constructor.newInstance(Constructor.java:423)
at org.openqa.selenium.remote.http.W3CHttpResponseCodec.createException(W3CHttpResponseCodec.java:187)
at org.openqa.selenium.remote.http.W3CHttpResponseCodec.decode(W3CHttpResponseCodec.java:122)
at org.openqa.selenium.remote.http.W3CHttpResponseCodec.decode(W3CHttpResponseCodec.java:49)
at org.openqa.selenium.remote.HttpCommandExecutor.execute(HttpCommandExecutor.java:158)
at org.openqa.selenium.remote.service.DriverCommandExecutor.execute(DriverCommandExecutor.java:83)
at org.openqa.selenium.remote.RemoteWebDriver.execute(RemoteWebDriver.java:552)
at org.openqa.selenium.remote.RemoteWebDriver.execute(RemoteWebDriver.java:609)
at org.openqa.selenium.remote.RemoteWebDriver.getScreenshotAs(RemoteWebDriver.java:295)
at com.asms.utility.Helper.captureScreenshot(Helper.java:25)
at com.asms.pages.BaseClass.tearDownMethod(BaseClass.java:55)
at sun.reflect.GeneratedMethodAccessor47.invoke(Unknown Source)
at sun.reflect.DelegatingMethodAccessorImpl.invoke(DelegatingMethodAccessorImpl.java:43)
at java.lang.reflect.Method.invoke(Method.java:498)
at org.testng.internal.MethodInvocationHelper.invokeMethod(MethodInvocationHelper.java:124)
at org.testng.internal.MethodInvocationHelper.invokeMethodConsideringTimeout(MethodInvocationHelper.java:59)
at org.testng.internal.Invoker.invokeConfigurationMethod(Invoker.java:458)
at org.testng.internal.Invoker.invokeConfigurations(Invoker.java:222)
at org.testng.internal.Invoker.invokeMethod(Invoker.java:646)
at org.testng.internal.Invoker.invokeTestMethod(Invoker.java:719)
at org.testng.internal.Invoker.invokeTestMethods(Invoker.java:989)
at org.testng.internal.TestMethodWorker.invokeTestMethods(TestMethodWorker.java:125)
at org.testng.internal.TestMethodWorker.run(TestMethodWorker.java:109)
at org.testng.TestRunner.privateRun(TestRunner.java:648)
at org.testng.TestRunner.run(TestRunner.java:505)
at org.testng.SuiteRunner.runTest(SuiteRunner.java:455)
at org.testng.SuiteRunner.runSequentially(SuiteRunner.java:450)
at org.testng.SuiteRunner.privateRun(SuiteRunner.java:415)
at org.testng.SuiteRunner.run(SuiteRunner.java:364)
at org.testng.SuiteRunnerWorker.runSuite(SuiteRunnerWorker.java:52)
at org.testng.SuiteRunnerWorker.run(SuiteRunnerWorker.java:84)
at org.testng.TestNG.runSuitesSequentially(TestNG.java:1208)
at org.testng.TestNG.runSuitesLocally(TestNG.java:1137)
at org.testng.TestNG.runSuites(TestNG.java:1049)
at org.testng.TestNG.run(TestNG.java:1017)
at org.testng.remote.AbstractRemoteTestNG.run(AbstractRemoteTestNG.java:114)
at org.testng.remote.RemoteTestNG.initAndRun(RemoteTestNG.java:251)
at org.testng.remote.RemoteTestNG.main(RemoteTestNG.java:77)
]]>
    </error>
  </testcase> <!-- tearDownMethod -->
  <testcase name="directASMS_URL_Testing" time="30.118" classname="com.asms.testcases.DirectURLTesting"/>
  <testcase name="directASMS_URL_Testing" time="5.411" classname="com.asms.testcases.DirectURLTesting">
    <skipped/>
  </testcase> <!-- directASMS_URL_Testing -->
  <testcase name="directASMS_URL_Testing" time="7.668" classname="com.asms.testcases.DirectURLTesting">
    <skipped/>
  </testcase> <!-- directASMS_URL_Testing -->
  <testcase name="directASMS_URL_Testing" time="5.836" classname="com.asms.testcases.DirectURLTesting">
    <skipped/>
  </testcase> <!-- directASMS_URL_Testing -->
  <testcase name="directASMS_URL_Testing" time="1.176" classname="com.asms.testcases.DirectURLTesting">
    <skipped/>
  </testcase> <!-- directASMS_URL_Testing -->
  <testcase name="directASMS_URL_Testing" time="3.495" classname="com.asms.testcases.DirectURLTesting">
    <skipped/>
  </testcase> <!-- directASMS_URL_Testing -->
  <testcase name="directASMS_URL_Testing" time="3.465" classname="com.asms.testcases.DirectURLTesting">
    <skipped/>
  </testcase> <!-- directASMS_URL_Testing -->
  <testcase name="directASMS_URL_Testing" time="3.332" classname="com.asms.testcases.DirectURLTesting">
    <skipped/>
  </testcase> <!-- directASMS_URL_Testing -->
  <testcase name="directASMS_URL_Testing" time="2.757" classname="com.asms.testcases.DirectURLTesting">
    <skipped/>
  </testcase> <!-- directASMS_URL_Testing -->
  <testcase name="directASMS_URL_Testing" time="5.952" classname="com.asms.testcases.DirectURLTesting">
    <skipped/>
  </testcase> <!-- directASMS_URL_Testing -->
  <testcase name="directASMS_URL_Testing" time="6.105" classname="com.asms.testcases.DirectURLTesting">
    <skipped/>
  </testcase> <!-- directASMS_URL_Testing -->
  <testcase name="directASMS_URL_Testing" time="6.560" classname="com.asms.testcases.DirectURLTesting">
    <skipped/>
  </testcase> <!-- directASMS_URL_Testing -->
  <testcase name="directASMS_URL_Testing" time="4.862" classname="com.asms.testcases.DirectURLTesting">
    <skipped/>
  </testcase> <!-- directASMS_URL_Testing -->
  <testcase name="directASMS_URL_Testing" time="5.793" classname="com.asms.testcases.DirectURLTesting">
    <skipped/>
  </testcase> <!-- directASMS_URL_Testing -->
  <testcase name="directASMS_URL_Testing" time="6.852" classname="com.asms.testcases.DirectURLTesting">
    <skipped/>
  </testcase> <!-- directASMS_URL_Testing -->
  <testcase name="directASMS_URL_Testing" time="5.163" classname="com.asms.testcases.DirectURLTesting">
    <skipped/>
  </testcase> <!-- directASMS_URL_Testing -->
  <testcase name="directASMS_URL_Testing" time="5.002" classname="com.asms.testcases.DirectURLTesting">
    <skipped/>
  </testcase> <!-- directASMS_URL_Testing -->
  <testcase name="directASMS_URL_Testing" time="5.299" classname="com.asms.testcases.DirectURLTesting">
    <skipped/>
  </testcase> <!-- directASMS_URL_Testing -->
  <testcase name="directASMS_URL_Testing" time="4.863" classname="com.asms.testcases.DirectURLTesting">
    <skipped/>
  </testcase> <!-- directASMS_URL_Testing -->
  <testcase name="directASMS_URL_Testing" time="25.051" classname="com.asms.testcases.DirectURLTesting">
    <failure type="java.lang.AssertionError" message="The following asserts failed:
	expected [Welcome to Aviator SMS] but found [View Course Details Page]">
      <![CDATA[java.lang.AssertionError: The following asserts failed:
expected [Welcome to Aviator SMS] but found [View Course Details Page]
at org.testng.asserts.SoftAssert.assertAll(SoftAssert.java:43)
at com.asms.testcases.DirectURLTesting.directASMS_URL_Testing(DirectURLTesting.java:69)
at sun.reflect.NativeMethodAccessorImpl.invoke0(Native Method)
at sun.reflect.NativeMethodAccessorImpl.invoke(NativeMethodAccessorImpl.java:62)
at sun.reflect.DelegatingMethodAccessorImpl.invoke(DelegatingMethodAccessorImpl.java:43)
at java.lang.reflect.Method.invoke(Method.java:498)
at org.testng.internal.MethodInvocationHelper.invokeMethod(MethodInvocationHelper.java:124)
at org.testng.internal.Invoker.invokeMethod(Invoker.java:583)
at org.testng.internal.Invoker.invokeTestMethod(Invoker.java:719)
at org.testng.internal.Invoker.invokeTestMethods(Invoker.java:989)
at org.testng.internal.TestMethodWorker.invokeTestMethods(TestMethodWorker.java:125)
at org.testng.internal.TestMethodWorker.run(TestMethodWorker.java:109)
at org.testng.TestRunner.privateRun(TestRunner.java:648)
at org.testng.TestRunner.run(TestRunner.java:505)
at org.testng.SuiteRunner.runTest(SuiteRunner.java:455)
at org.testng.SuiteRunner.runSequentially(SuiteRunner.java:450)
at org.testng.SuiteRunner.privateRun(SuiteRunner.java:415)
at org.testng.SuiteRunner.run(SuiteRunner.java:364)
at org.testng.SuiteRunnerWorker.runSuite(SuiteRunnerWorker.java:52)
at org.testng.SuiteRunnerWorker.run(SuiteRunnerWorker.java:84)
at org.testng.TestNG.runSuitesSequentially(TestNG.java:1208)
at org.testng.TestNG.runSuitesLocally(TestNG.java:1137)
at org.testng.TestNG.runSuites(TestNG.java:1049)
at org.testng.TestNG.run(TestNG.java:1017)
at org.testng.remote.AbstractRemoteTestNG.run(AbstractRemoteTestNG.java:114)
at org.testng.remote.RemoteTestNG.initAndRun(RemoteTestNG.java:251)
at org.testng.remote.RemoteTestNG.main(RemoteTestNG.java:77)
]]>
    </failure>
  </testcase> <!-- directASMS_URL_Testing -->
  <testcase name="directASMS_URL_Testing" time="6.986" classname="com.asms.testcases.DirectURLTesting">
    <skipped/>
  </testcase> <!-- directASMS_URL_Testing -->
  <testcase name="directASMS_URL_Testing" time="5.165" classname="com.asms.testcases.DirectURLTesting">
    <skipped/>
  </testcase> <!-- directASMS_URL_Testing -->
  <testcase name="directASMS_URL_Testing" time="4.773" classname="com.asms.testcases.DirectURLTesting">
    <skipped/>
  </testcase> <!-- directASMS_URL_Testing -->
  <testcase name="directASMS_URL_Testing" time="6.450" classname="com.asms.testcases.DirectURLTesting">
    <skipped/>
  </testcase> <!-- directASMS_URL_Testing -->
  <testcase name="directASMS_URL_Testing" time="5.927" classname="com.asms.testcases.DirectURLTesting">
    <skipped/>
  </testcase> <!-- directASMS_URL_Testing -->
  <testcase name="directASMS_URL_Testing" time="2.306" classname="com.asms.testcases.DirectURLTesting">
    <skipped/>
  </testcase> <!-- directASMS_URL_Testing -->
  <testcase name="directASMS_URL_Testing" time="0.000" classname="com.asms.testcases.DirectURLTesting">
    <skipped/>
  </testcase> <!-- directASMS_URL_Testing -->
  <testcase name="directASMS_URL_Testing" time="0.000" classname="com.asms.testcases.DirectURLTesting">
    <skipped/>
  </testcase> <!-- directASMS_URL_Testing -->
  <testcase name="directASMS_URL_Testing" time="12.749" classname="com.asms.testcases.DirectURLTesting">
    <failure type="java.lang.AssertionError" message="The following asserts failed:
	expected [Welcome to Aviator SMS] but found []">
      <![CDATA[java.lang.AssertionError: The following asserts failed:
expected [Welcome to Aviator SMS] but found []
at org.testng.asserts.SoftAssert.assertAll(SoftAssert.java:43)
at com.asms.testcases.DirectURLTesting.directASMS_URL_Testing(DirectURLTesting.java:69)
at sun.reflect.NativeMethodAccessorImpl.invoke0(Native Method)
at sun.reflect.NativeMethodAccessorImpl.invoke(NativeMethodAccessorImpl.java:62)
at sun.reflect.DelegatingMethodAccessorImpl.invoke(DelegatingMethodAccessorImpl.java:43)
at java.lang.reflect.Method.invoke(Method.java:498)
at org.testng.internal.MethodInvocationHelper.invokeMethod(MethodInvocationHelper.java:124)
at org.testng.internal.Invoker.invokeMethod(Invoker.java:583)
at org.testng.internal.Invoker.invokeTestMethod(Invoker.java:719)
at org.testng.internal.Invoker.invokeTestMethods(Invoker.java:989)
at org.testng.internal.TestMethodWorker.invokeTestMethods(TestMethodWorker.java:125)
at org.testng.internal.TestMethodWorker.run(TestMethodWorker.java:109)
at org.testng.TestRunner.privateRun(TestRunner.java:648)
at org.testng.TestRunner.run(TestRunner.java:505)
at org.testng.SuiteRunner.runTest(SuiteRunner.java:455)
at org.testng.SuiteRunner.runSequentially(SuiteRunner.java:450)
at org.testng.SuiteRunner.privateRun(SuiteRunner.java:415)
at org.testng.SuiteRunner.run(SuiteRunner.java:364)
at org.testng.SuiteRunnerWorker.runSuite(SuiteRunnerWorker.java:52)
at org.testng.SuiteRunnerWorker.run(SuiteRunnerWorker.java:84)
at org.testng.TestNG.runSuitesSequentially(TestNG.java:1208)
at org.testng.TestNG.runSuitesLocally(TestNG.java:1137)
at org.testng.TestNG.runSuites(TestNG.java:1049)
at org.testng.TestNG.run(TestNG.java:1017)
at org.testng.remote.AbstractRemoteTestNG.run(AbstractRemoteTestNG.java:114)
at org.testng.remote.RemoteTestNG.initAndRun(RemoteTestNG.java:251)
at org.testng.remote.RemoteTestNG.main(RemoteTestNG.java:77)
]]>
    </failure>
  </testcase> <!-- directASMS_URL_Testing -->
  <testcase name="directASMS_URL_Testing" time="0.000" classname="com.asms.testcases.DirectURLTesting">
    <skipped/>
  </testcase> <!-- directASMS_URL_Testing -->
  <testcase name="directASMS_URL_Testing" time="0.000" classname="com.asms.testcases.DirectURLTesting">
    <skipped/>
  </testcase> <!-- directASMS_URL_Testing -->
  <testcase name="directASMS_URL_Testing" time="16.259" classname="com.asms.testcases.DirectURLTesting"/>
  <testcase name="directASMS_URL_Testing" time="0.000" classname="com.asms.testcases.DirectURLTesting">
    <skipped/>
  </testcase> <!-- directASMS_URL_Testing -->
  <testcase name="directASMS_URL_Testing" time="0.000" classname="com.asms.testcases.DirectURLTesting">
    <skipped/>
  </testcase> <!-- directASMS_URL_Testing -->
  <testcase name="directASMS_URL_Testing" time="0.000" classname="com.asms.testcases.DirectURLTesting">
    <skipped/>
  </testcase> <!-- directASMS_URL_Testing -->
  <testcase name="directASMS_URL_Testing" time="0.000" classname="com.asms.testcases.DirectURLTesting">
    <skipped/>
  </testcase> <!-- directASMS_URL_Testing -->
  <testcase name="directASMS_URL_Testing" time="0.000" classname="com.asms.testcases.DirectURLTesting">
    <skipped/>
  </testcase> <!-- directASMS_URL_Testing -->
  <testcase name="directASMS_URL_Testing" time="0.000" classname="com.asms.testcases.DirectURLTesting">
    <skipped/>
  </testcase> <!-- directASMS_URL_Testing -->
  <testcase name="directASMS_URL_Testing" time="0.000" classname="com.asms.testcases.DirectURLTesting">
    <skipped/>
  </testcase> <!-- directASMS_URL_Testing -->
  <testcase name="directASMS_URL_Testing" time="0.000" classname="com.asms.testcases.DirectURLTesting">
    <skipped/>
  </testcase> <!-- directASMS_URL_Testing -->
  <testcase name="directASMS_URL_Testing" time="0.000" classname="com.asms.testcases.DirectURLTesting">
    <skipped/>
  </testcase> <!-- directASMS_URL_Testing -->
  <testcase name="directASMS_URL_Testing" time="0.000" classname="com.asms.testcases.DirectURLTesting">
    <skipped/>
  </testcase> <!-- directASMS_URL_Testing -->
  <testcase name="directASMS_URL_Testing" time="0.000" classname="com.asms.testcases.DirectURLTesting">
    <skipped/>
  </testcase> <!-- directASMS_URL_Testing -->
  <testcase name="directASMS_URL_Testing" time="0.000" classname="com.asms.testcases.DirectURLTesting">
    <skipped/>
  </testcase> <!-- directASMS_URL_Testing -->
  <testcase name="directASMS_URL_Testing" time="0.000" classname="com.asms.testcases.DirectURLTesting">
    <skipped/>
  </testcase> <!-- directASMS_URL_Testing -->
  <testcase name="directASMS_URL_Testing" time="0.000" classname="com.asms.testcases.DirectURLTesting">
    <skipped/>
  </testcase> <!-- directASMS_URL_Testing -->
  <testcase name="directASMS_URL_Testing" time="0.000" classname="com.asms.testcases.DirectURLTesting">
    <skipped/>
  </testcase> <!-- directASMS_URL_Testing -->
  <testcase name="directASMS_URL_Testing" time="0.000" classname="com.asms.testcases.DirectURLTesting">
    <skipped/>
  </testcase> <!-- directASMS_URL_Testing -->
  <testcase name="directASMS_URL_Testing" time="0.000" classname="com.asms.testcases.DirectURLTesting">
    <skipped/>
  </testcase> <!-- directASMS_URL_Testing -->
  <testcase name="directASMS_URL_Testing" time="0.000" classname="com.asms.testcases.DirectURLTesting">
    <skipped/>
  </testcase> <!-- directASMS_URL_Testing -->
  <testcase name="directASMS_URL_Testing" time="0.000" classname="com.asms.testcases.DirectURLTesting">
    <skipped/>
  </testcase> <!-- directASMS_URL_Testing -->
  <testcase name="directASMS_URL_Testing" time="0.000" classname="com.asms.testcases.DirectURLTesting">
    <skipped/>
  </testcase> <!-- directASMS_URL_Testing -->
  <testcase name="directASMS_URL_Testing" time="0.000" classname="com.asms.testcases.DirectURLTesting">
    <skipped/>
  </testcase> <!-- directASMS_URL_Testing -->
  <testcase name="directASMS_URL_Testing" time="0.000" classname="com.asms.testcases.DirectURLTesting">
    <skipped/>
  </testcase> <!-- directASMS_URL_Testing -->
  <testcase name="directASMS_URL_Testing" time="0.000" classname="com.asms.testcases.DirectURLTesting">
    <skipped/>
  </testcase> <!-- directASMS_URL_Testing -->
  <testcase name="directASMS_URL_Testing" time="0.000" classname="com.asms.testcases.DirectURLTesting">
    <skipped/>
  </testcase> <!-- directASMS_URL_Testing -->
  <testcase name="directASMS_URL_Testing" time="0.000" classname="com.asms.testcases.DirectURLTesting">
    <skipped/>
  </testcase> <!-- directASMS_URL_Testing -->
  <testcase name="directASMS_URL_Testing" time="55.449" classname="com.asms.testcases.DirectURLTesting">
    <error type="org.openqa.selenium.TimeoutException" message="timeout
  (Session info: chrome=76.0.3809.132)
Build info: version: &#039;3.141.59&#039;, revision: &#039;e82be7d358&#039;, time: &#039;2018-11-14T08:17:03&#039;
System info: host: &#039;ASHOK&#039;, ip: &#039;192.168.235.182&#039;, os.name: &#039;Windows 10&#039;, os.arch: &#039;amd64&#039;, os.version: &#039;10.0&#039;, java.version: &#039;1.8.0_191&#039;
Driver info: org.openqa.selenium.chrome.ChromeDriver
Capabilities {acceptInsecureCerts: false, browserName: chrome, browserVersion: 76.0.3809.132, chrome: {chromedriverVersion: 76.0.3809.126 (d80a294506b4..., userDataDir: C:\Users\ashokp\AppData\Loc...}, goog:chromeOptions: {debuggerAddress: localhost:49392}, javascriptEnabled: true, networkConnectionEnabled: false, pageLoadStrategy: normal, platform: XP, platformName: XP, proxy: Proxy(), setWindowRect: true, strictFileInteractability: false, timeouts: {implicit: 0, pageLoad: 300000, script: 30000}, unhandledPromptBehavior: dismiss and notify}
Session ID: 79252299b458413ef98a02876e24bc95">
      <![CDATA[org.openqa.selenium.TimeoutException: timeout
  (Session info: chrome=76.0.3809.132)
Build info: version: '3.141.59', revision: 'e82be7d358', time: '2018-11-14T08:17:03'
System info: host: 'ASHOK', ip: '192.168.235.182', os.name: 'Windows 10', os.arch: 'amd64', os.version: '10.0', java.version: '1.8.0_191'
Driver info: org.openqa.selenium.chrome.ChromeDriver
Capabilities {acceptInsecureCerts: false, browserName: chrome, browserVersion: 76.0.3809.132, chrome: {chromedriverVersion: 76.0.3809.126 (d80a294506b4..., userDataDir: C:\Users\ashokp\AppData\Loc...}, goog:chromeOptions: {debuggerAddress: localhost:49392}, javascriptEnabled: true, networkConnectionEnabled: false, pageLoadStrategy: normal, platform: XP, platformName: XP, proxy: Proxy(), setWindowRect: true, strictFileInteractability: false, timeouts: {implicit: 0, pageLoad: 300000, script: 30000}, unhandledPromptBehavior: dismiss and notify}
Session ID: 79252299b458413ef98a02876e24bc95
at sun.reflect.NativeConstructorAccessorImpl.newInstance0(Native Method)
at sun.reflect.NativeConstructorAccessorImpl.newInstance(NativeConstructorAccessorImpl.java:62)
at sun.reflect.DelegatingConstructorAccessorImpl.newInstance(DelegatingConstructorAccessorImpl.java:45)
at java.lang.reflect.Constructor.newInstance(Constructor.java:423)
at org.openqa.selenium.remote.http.W3CHttpResponseCodec.createException(W3CHttpResponseCodec.java:187)
at org.openqa.selenium.remote.http.W3CHttpResponseCodec.decode(W3CHttpResponseCodec.java:122)
at org.openqa.selenium.remote.http.W3CHttpResponseCodec.decode(W3CHttpResponseCodec.java:49)
at org.openqa.selenium.remote.HttpCommandExecutor.execute(HttpCommandExecutor.java:158)
at org.openqa.selenium.remote.service.DriverCommandExecutor.execute(DriverCommandExecutor.java:83)
at org.openqa.selenium.remote.RemoteWebDriver.execute(RemoteWebDriver.java:552)
at org.openqa.selenium.remote.RemoteWebDriver.get(RemoteWebDriver.java:277)
at com.asms.testcases.DirectURLTesting.directASMS_URL_Testing(DirectURLTesting.java:63)
at sun.reflect.GeneratedMethodAccessor46.invoke(Unknown Source)
at sun.reflect.DelegatingMethodAccessorImpl.invoke(DelegatingMethodAccessorImpl.java:43)
at java.lang.reflect.Method.invoke(Method.java:498)
at org.testng.internal.MethodInvocationHelper.invokeMethod(MethodInvocationHelper.java:124)
at org.testng.internal.Invoker.invokeMethod(Invoker.java:583)
at org.testng.internal.Invoker.invokeTestMethod(Invoker.java:719)
at org.testng.internal.Invoker.invokeTestMethods(Invoker.java:989)
at org.testng.internal.TestMethodWorker.invokeTestMethods(TestMethodWorker.java:125)
at org.testng.internal.TestMethodWorker.run(TestMethodWorker.java:109)
at org.testng.TestRunner.privateRun(TestRunner.java:648)
at org.testng.TestRunner.run(TestRunner.java:505)
at org.testng.SuiteRunner.runTest(SuiteRunner.java:455)
at org.testng.SuiteRunner.runSequentially(SuiteRunner.java:450)
at org.testng.SuiteRunner.privateRun(SuiteRunner.java:415)
at org.testng.SuiteRunner.run(SuiteRunner.java:364)
at org.testng.SuiteRunnerWorker.runSuite(SuiteRunnerWorker.java:52)
at org.testng.SuiteRunnerWorker.run(SuiteRunnerWorker.java:84)
at org.testng.TestNG.runSuitesSequentially(TestNG.java:1208)
at org.testng.TestNG.runSuitesLocally(TestNG.java:1137)
at org.testng.TestNG.runSuites(TestNG.java:1049)
at org.testng.TestNG.run(TestNG.java:1017)
at org.testng.remote.AbstractRemoteTestNG.run(AbstractRemoteTestNG.java:114)
at org.testng.remote.RemoteTestNG.initAndRun(RemoteTestNG.java:251)
at org.testng.remote.RemoteTestNG.main(RemoteTestNG.java:77)
]]>
    </error>
  </testcase> <!-- directASMS_URL_Testing -->
  <testcase name="directASMS_URL_Testing" time="0.000" classname="com.asms.testcases.DirectURLTesting">
    <skipped/>
  </testcase> <!-- directASMS_URL_Testing -->
  <testcase name="directASMS_URL_Testing" time="0.000" classname="com.asms.testcases.DirectURLTesting">
    <skipped/>
  </testcase> <!-- directASMS_URL_Testing -->
  <testcase name="directASMS_URL_Testing" time="0.000" classname="com.asms.testcases.DirectURLTesting">
    <skipped/>
  </testcase> <!-- directASMS_URL_Testing -->
  <testcase name="directASMS_URL_Testing" time="0.000" classname="com.asms.testcases.DirectURLTesting">
    <skipped/>
  </testcase> <!-- directASMS_URL_Testing -->
  <testcase name="directASMS_URL_Testing" time="0.000" classname="com.asms.testcases.DirectURLTesting">
    <skipped/>
  </testcase> <!-- directASMS_URL_Testing -->
  <testcase name="directASMS_URL_Testing" time="0.000" classname="com.asms.testcases.DirectURLTesting">
    <skipped/>
  </testcase> <!-- directASMS_URL_Testing -->
  <testcase name="directASMS_URL_Testing" time="0.000" classname="com.asms.testcases.DirectURLTesting">
    <skipped/>
  </testcase> <!-- directASMS_URL_Testing -->
  <testcase name="directASMS_URL_Testing" time="0.000" classname="com.asms.testcases.DirectURLTesting">
    <skipped/>
  </testcase> <!-- directASMS_URL_Testing -->
  <testcase name="directASMS_URL_Testing" time="0.000" classname="com.asms.testcases.DirectURLTesting">
    <skipped/>
  </testcase> <!-- directASMS_URL_Testing -->
  <testcase name="directASMS_URL_Testing" time="0.000" classname="com.asms.testcases.DirectURLTesting">
    <skipped/>
  </testcase> <!-- directASMS_URL_Testing -->
  <testcase name="directASMS_URL_Testing" time="0.000" classname="com.asms.testcases.DirectURLTesting">
    <skipped/>
  </testcase> <!-- directASMS_URL_Testing -->
  <testcase name="directASMS_URL_Testing" time="0.000" classname="com.asms.testcases.DirectURLTesting">
    <skipped/>
  </testcase> <!-- directASMS_URL_Testing -->
  <testcase name="directASMS_URL_Testing" time="0.000" classname="com.asms.testcases.DirectURLTesting">
    <skipped/>
  </testcase> <!-- directASMS_URL_Testing -->
  <testcase name="directASMS_URL_Testing" time="0.000" classname="com.asms.testcases.DirectURLTesting">
    <skipped/>
  </testcase> <!-- directASMS_URL_Testing -->
  <testcase name="directASMS_URL_Testing" time="0.000" classname="com.asms.testcases.DirectURLTesting">
    <skipped/>
  </testcase> <!-- directASMS_URL_Testing -->
  <testcase name="directASMS_URL_Testing" time="0.000" classname="com.asms.testcases.DirectURLTesting">
    <skipped/>
  </testcase> <!-- directASMS_URL_Testing -->
  <testcase name="directASMS_URL_Testing" time="21.048" classname="com.asms.testcases.DirectURLTesting">
    <failure type="java.lang.AssertionError" message="The following asserts failed:
	expected [Welcome to Aviator SMS] but found []">
      <![CDATA[java.lang.AssertionError: The following asserts failed:
expected [Welcome to Aviator SMS] but found []
at org.testng.asserts.SoftAssert.assertAll(SoftAssert.java:43)
at com.asms.testcases.DirectURLTesting.directASMS_URL_Testing(DirectURLTesting.java:69)
at sun.reflect.NativeMethodAccessorImpl.invoke0(Native Method)
at sun.reflect.NativeMethodAccessorImpl.invoke(NativeMethodAccessorImpl.java:62)
at sun.reflect.DelegatingMethodAccessorImpl.invoke(DelegatingMethodAccessorImpl.java:43)
at java.lang.reflect.Method.invoke(Method.java:498)
at org.testng.internal.MethodInvocationHelper.invokeMethod(MethodInvocationHelper.java:124)
at org.testng.internal.Invoker.invokeMethod(Invoker.java:583)
at org.testng.internal.Invoker.invokeTestMethod(Invoker.java:719)
at org.testng.internal.Invoker.invokeTestMethods(Invoker.java:989)
at org.testng.internal.TestMethodWorker.invokeTestMethods(TestMethodWorker.java:125)
at org.testng.internal.TestMethodWorker.run(TestMethodWorker.java:109)
at org.testng.TestRunner.privateRun(TestRunner.java:648)
at org.testng.TestRunner.run(TestRunner.java:505)
at org.testng.SuiteRunner.runTest(SuiteRunner.java:455)
at org.testng.SuiteRunner.runSequentially(SuiteRunner.java:450)
at org.testng.SuiteRunner.privateRun(SuiteRunner.java:415)
at org.testng.SuiteRunner.run(SuiteRunner.java:364)
at org.testng.SuiteRunnerWorker.runSuite(SuiteRunnerWorker.java:52)
at org.testng.SuiteRunnerWorker.run(SuiteRunnerWorker.java:84)
at org.testng.TestNG.runSuitesSequentially(TestNG.java:1208)
at org.testng.TestNG.runSuitesLocally(TestNG.java:1137)
at org.testng.TestNG.runSuites(TestNG.java:1049)
at org.testng.TestNG.run(TestNG.java:1017)
at org.testng.remote.AbstractRemoteTestNG.run(AbstractRemoteTestNG.java:114)
at org.testng.remote.RemoteTestNG.initAndRun(RemoteTestNG.java:251)
at org.testng.remote.RemoteTestNG.main(RemoteTestNG.java:77)
]]>
    </failure>
  </testcase> <!-- directASMS_URL_Testing -->
  <testcase name="directASMS_URL_Testing" time="0.000" classname="com.asms.testcases.DirectURLTesting">
    <skipped/>
  </testcase> <!-- directASMS_URL_Testing -->
  <testcase name="directASMS_URL_Testing" time="28.366" classname="com.asms.testcases.DirectURLTesting"/>
  <testcase name="directASMS_URL_Testing" time="0.000" classname="com.asms.testcases.DirectURLTesting">
    <skipped/>
  </testcase> <!-- directASMS_URL_Testing -->
  <testcase name="directASMS_URL_Testing" time="22.651" classname="com.asms.testcases.DirectURLTesting">
    <failure type="java.lang.AssertionError" message="The following asserts failed:
	expected [Welcome to Aviator SMS] but found [Favourites]">
      <![CDATA[java.lang.AssertionError: The following asserts failed:
expected [Welcome to Aviator SMS] but found [Favourites]
at org.testng.asserts.SoftAssert.assertAll(SoftAssert.java:43)
at com.asms.testcases.DirectURLTesting.directASMS_URL_Testing(DirectURLTesting.java:69)
at sun.reflect.NativeMethodAccessorImpl.invoke0(Native Method)
at sun.reflect.NativeMethodAccessorImpl.invoke(NativeMethodAccessorImpl.java:62)
at sun.reflect.DelegatingMethodAccessorImpl.invoke(DelegatingMethodAccessorImpl.java:43)
at java.lang.reflect.Method.invoke(Method.java:498)
at org.testng.internal.MethodInvocationHelper.invokeMethod(MethodInvocationHelper.java:124)
at org.testng.internal.Invoker.invokeMethod(Invoker.java:583)
at org.testng.internal.Invoker.invokeTestMethod(Invoker.java:719)
at org.testng.internal.Invoker.invokeTestMethods(Invoker.java:989)
at org.testng.internal.TestMethodWorker.invokeTestMethods(TestMethodWorker.java:125)
at org.testng.internal.TestMethodWorker.run(TestMethodWorker.java:109)
at org.testng.TestRunner.privateRun(TestRunner.java:648)
at org.testng.TestRunner.run(TestRunner.java:505)
at org.testng.SuiteRunner.runTest(SuiteRunner.java:455)
at org.testng.SuiteRunner.runSequentially(SuiteRunner.java:450)
at org.testng.SuiteRunner.privateRun(SuiteRunner.java:415)
at org.testng.SuiteRunner.run(SuiteRunner.java:364)
at org.testng.SuiteRunnerWorker.runSuite(SuiteRunnerWorker.java:52)
at org.testng.SuiteRunnerWorker.run(SuiteRunnerWorker.java:84)
at org.testng.TestNG.runSuitesSequentially(TestNG.java:1208)
at org.testng.TestNG.runSuitesLocally(TestNG.java:1137)
at org.testng.TestNG.runSuites(TestNG.java:1049)
at org.testng.TestNG.run(TestNG.java:1017)
at org.testng.remote.AbstractRemoteTestNG.run(AbstractRemoteTestNG.java:114)
at org.testng.remote.RemoteTestNG.initAndRun(RemoteTestNG.java:251)
at org.testng.remote.RemoteTestNG.main(RemoteTestNG.java:77)
]]>
    </failure>
  </testcase> <!-- directASMS_URL_Testing -->
  <testcase name="directASMS_URL_Testing" time="36.520" classname="com.asms.testcases.DirectURLTesting"/>
  <testcase name="directASMS_URL_Testing" time="0.000" classname="com.asms.testcases.DirectURLTesting">
    <skipped/>
  </testcase> <!-- directASMS_URL_Testing -->
  <testcase name="directASMS_URL_Testing" time="0.000" classname="com.asms.testcases.DirectURLTesting">
    <skipped/>
  </testcase> <!-- directASMS_URL_Testing -->
  <testcase name="directASMS_URL_Testing" time="0.000" classname="com.asms.testcases.DirectURLTesting">
    <skipped/>
  </testcase> <!-- directASMS_URL_Testing -->
  <testcase name="directASMS_URL_Testing" time="0.000" classname="com.asms.testcases.DirectURLTesting">
    <skipped/>
  </testcase> <!-- directASMS_URL_Testing -->
  <testcase name="directASMS_URL_Testing" time="0.000" classname="com.asms.testcases.DirectURLTesting">
    <skipped/>
  </testcase> <!-- directASMS_URL_Testing -->
  <testcase name="directASMS_URL_Testing" time="0.000" classname="com.asms.testcases.DirectURLTesting">
    <skipped/>
  </testcase> <!-- directASMS_URL_Testing -->
  <testcase name="directASMS_URL_Testing" time="0.000" classname="com.asms.testcases.DirectURLTesting">
    <skipped/>
  </testcase> <!-- directASMS_URL_Testing -->
  <testcase name="directASMS_URL_Testing" time="0.000" classname="com.asms.testcases.DirectURLTesting">
    <skipped/>
  </testcase> <!-- directASMS_URL_Testing -->
  <testcase name="directASMS_URL_Testing" time="67.271" classname="com.asms.testcases.DirectURLTesting">
    <failure type="java.lang.AssertionError" message="The following asserts failed:
	expected [Welcome to Aviator SMS] but found [Home Page]">
      <![CDATA[java.lang.AssertionError: The following asserts failed:
expected [Welcome to Aviator SMS] but found [Home Page]
at org.testng.asserts.SoftAssert.assertAll(SoftAssert.java:43)
at com.asms.testcases.DirectURLTesting.directASMS_URL_Testing(DirectURLTesting.java:69)
at sun.reflect.NativeMethodAccessorImpl.invoke0(Native Method)
at sun.reflect.NativeMethodAccessorImpl.invoke(NativeMethodAccessorImpl.java:62)
at sun.reflect.DelegatingMethodAccessorImpl.invoke(DelegatingMethodAccessorImpl.java:43)
at java.lang.reflect.Method.invoke(Method.java:498)
at org.testng.internal.MethodInvocationHelper.invokeMethod(MethodInvocationHelper.java:124)
at org.testng.internal.Invoker.invokeMethod(Invoker.java:583)
at org.testng.internal.Invoker.invokeTestMethod(Invoker.java:719)
at org.testng.internal.Invoker.invokeTestMethods(Invoker.java:989)
at org.testng.internal.TestMethodWorker.invokeTestMethods(TestMethodWorker.java:125)
at org.testng.internal.TestMethodWorker.run(TestMethodWorker.java:109)
at org.testng.TestRunner.privateRun(TestRunner.java:648)
at org.testng.TestRunner.run(TestRunner.java:505)
at org.testng.SuiteRunner.runTest(SuiteRunner.java:455)
at org.testng.SuiteRunner.runSequentially(SuiteRunner.java:450)
at org.testng.SuiteRunner.privateRun(SuiteRunner.java:415)
at org.testng.SuiteRunner.run(SuiteRunner.java:364)
at org.testng.SuiteRunnerWorker.runSuite(SuiteRunnerWorker.java:52)
at org.testng.SuiteRunnerWorker.run(SuiteRunnerWorker.java:84)
at org.testng.TestNG.runSuitesSequentially(TestNG.java:1208)
at org.testng.TestNG.runSuitesLocally(TestNG.java:1137)
at org.testng.TestNG.runSuites(TestNG.java:1049)
at org.testng.TestNG.run(TestNG.java:1017)
at org.testng.remote.AbstractRemoteTestNG.run(AbstractRemoteTestNG.java:114)
at org.testng.remote.RemoteTestNG.initAndRun(RemoteTestNG.java:251)
at org.testng.remote.RemoteTestNG.main(RemoteTestNG.java:77)
]]>
    </failure>
  </testcase> <!-- directASMS_URL_Testing -->
  <testcase name="directASMS_URL_Testing" time="0.000" classname="com.asms.testcases.DirectURLTesting">
    <skipped/>
  </testcase> <!-- directASMS_URL_Testing -->
  <testcase name="directASMS_URL_Testing" time="0.000" classname="com.asms.testcases.DirectURLTesting">
    <skipped/>
  </testcase> <!-- directASMS_URL_Testing -->
  <testcase name="directASMS_URL_Testing" time="0.000" classname="com.asms.testcases.DirectURLTesting">
    <skipped/>
  </testcase> <!-- directASMS_URL_Testing -->
  <testcase name="directASMS_URL_Testing" time="0.000" classname="com.asms.testcases.DirectURLTesting">
    <skipped/>
  </testcase> <!-- directASMS_URL_Testing -->
  <testcase name="directASMS_URL_Testing" time="0.000" classname="com.asms.testcases.DirectURLTesting">
    <skipped/>
  </testcase> <!-- directASMS_URL_Testing -->
  <testcase name="directASMS_URL_Testing" time="0.000" classname="com.asms.testcases.DirectURLTesting">
    <skipped/>
  </testcase> <!-- directASMS_URL_Testing -->
  <testcase name="directASMS_URL_Testing" time="0.000" classname="com.asms.testcases.DirectURLTesting">
    <skipped/>
  </testcase> <!-- directASMS_URL_Testing -->
  <testcase name="directASMS_URL_Testing" time="0.000" classname="com.asms.testcases.DirectURLTesting">
    <skipped/>
  </testcase> <!-- directASMS_URL_Testing -->
  <testcase name="directASMS_URL_Testing" time="0.000" classname="com.asms.testcases.DirectURLTesting">
    <skipped/>
  </testcase> <!-- directASMS_URL_Testing -->
  <testcase name="directASMS_URL_Testing" time="0.000" classname="com.asms.testcases.DirectURLTesting">
    <skipped/>
  </testcase> <!-- directASMS_URL_Testing -->
  <testcase name="directASMS_URL_Testing" time="0.000" classname="com.asms.testcases.DirectURLTesting">
    <skipped/>
  </testcase> <!-- directASMS_URL_Testing -->
  <testcase name="directASMS_URL_Testing" time="16.592" classname="com.asms.testcases.DirectURLTesting">
    <failure type="java.lang.AssertionError" message="The following asserts failed:
	expected [Welcome to Aviator SMS] but found [Generic Search]">
      <![CDATA[java.lang.AssertionError: The following asserts failed:
expected [Welcome to Aviator SMS] but found [Generic Search]
at org.testng.asserts.SoftAssert.assertAll(SoftAssert.java:43)
at com.asms.testcases.DirectURLTesting.directASMS_URL_Testing(DirectURLTesting.java:69)
at sun.reflect.GeneratedMethodAccessor46.invoke(Unknown Source)
at sun.reflect.DelegatingMethodAccessorImpl.invoke(DelegatingMethodAccessorImpl.java:43)
at java.lang.reflect.Method.invoke(Method.java:498)
at org.testng.internal.MethodInvocationHelper.invokeMethod(MethodInvocationHelper.java:124)
at org.testng.internal.Invoker.invokeMethod(Invoker.java:583)
at org.testng.internal.Invoker.invokeTestMethod(Invoker.java:719)
at org.testng.internal.Invoker.invokeTestMethods(Invoker.java:989)
at org.testng.internal.TestMethodWorker.invokeTestMethods(TestMethodWorker.java:125)
at org.testng.internal.TestMethodWorker.run(TestMethodWorker.java:109)
at org.testng.TestRunner.privateRun(TestRunner.java:648)
at org.testng.TestRunner.run(TestRunner.java:505)
at org.testng.SuiteRunner.runTest(SuiteRunner.java:455)
at org.testng.SuiteRunner.runSequentially(SuiteRunner.java:450)
at org.testng.SuiteRunner.privateRun(SuiteRunner.java:415)
at org.testng.SuiteRunner.run(SuiteRunner.java:364)
at org.testng.SuiteRunnerWorker.runSuite(SuiteRunnerWorker.java:52)
at org.testng.SuiteRunnerWorker.run(SuiteRunnerWorker.java:84)
at org.testng.TestNG.runSuitesSequentially(TestNG.java:1208)
at org.testng.TestNG.runSuitesLocally(TestNG.java:1137)
at org.testng.TestNG.runSuites(TestNG.java:1049)
at org.testng.TestNG.run(TestNG.java:1017)
at org.testng.remote.AbstractRemoteTestNG.run(AbstractRemoteTestNG.java:114)
at org.testng.remote.RemoteTestNG.initAndRun(RemoteTestNG.java:251)
at org.testng.remote.RemoteTestNG.main(RemoteTestNG.java:77)
]]>
    </failure>
  </testcase> <!-- directASMS_URL_Testing -->
  <testcase name="directASMS_URL_Testing" time="0.000" classname="com.asms.testcases.DirectURLTesting">
    <skipped/>
  </testcase> <!-- directASMS_URL_Testing -->
  <testcase name="directASMS_URL_Testing" time="26.499" classname="com.asms.testcases.DirectURLTesting"/>
  <testcase name="directASMS_URL_Testing" time="0.000" classname="com.asms.testcases.DirectURLTesting">
    <skipped/>
  </testcase> <!-- directASMS_URL_Testing -->
  <testcase name="directASMS_URL_Testing" time="0.000" classname="com.asms.testcases.DirectURLTesting">
    <skipped/>
  </testcase> <!-- directASMS_URL_Testing -->
  <testcase name="directASMS_URL_Testing" time="13.656" classname="com.asms.testcases.DirectURLTesting"/>
  <testcase name="directASMS_URL_Testing" time="48.460" classname="com.asms.testcases.DirectURLTesting"/>
  <testcase name="directASMS_URL_Testing" time="0.000" classname="com.asms.testcases.DirectURLTesting">
    <skipped/>
  </testcase> <!-- directASMS_URL_Testing -->
  <testcase name="directASMS_URL_Testing" time="0.000" classname="com.asms.testcases.DirectURLTesting">
    <skipped/>
  </testcase> <!-- directASMS_URL_Testing -->
  <testcase name="directASMS_URL_Testing" time="28.092" classname="com.asms.testcases.DirectURLTesting"/>
  <testcase name="directASMS_URL_Testing" time="0.000" classname="com.asms.testcases.DirectURLTesting">
    <skipped/>
  </testcase> <!-- directASMS_URL_Testing -->
  <testcase name="directASMS_URL_Testing" time="0.000" classname="com.asms.testcases.DirectURLTesting">
    <skipped/>
  </testcase> <!-- directASMS_URL_Testing -->
  <testcase name="directASMS_URL_Testing" time="0.000" classname="com.asms.testcases.DirectURLTesting">
    <skipped/>
  </testcase> <!-- directASMS_URL_Testing -->
  <testcase name="directASMS_URL_Testing" time="0.000" classname="com.asms.testcases.DirectURLTesting">
    <skipped/>
  </testcase> <!-- directASMS_URL_Testing -->
  <testcase name="directASMS_URL_Testing" time="0.000" classname="com.asms.testcases.DirectURLTesting">
    <skipped/>
  </testcase> <!-- directASMS_URL_Testing -->
  <testcase name="directASMS_URL_Testing" time="0.000" classname="com.asms.testcases.DirectURLTesting">
    <skipped/>
  </testcase> <!-- directASMS_URL_Testing -->
  <testcase name="directASMS_URL_Testing" time="0.000" classname="com.asms.testcases.DirectURLTesting">
    <skipped/>
  </testcase> <!-- directASMS_URL_Testing -->
  <testcase name="directASMS_URL_Testing" time="0.000" classname="com.asms.testcases.DirectURLTesting">
    <skipped/>
  </testcase> <!-- directASMS_URL_Testing -->
  <testcase name="directASMS_URL_Testing" time="0.000" classname="com.asms.testcases.DirectURLTesting">
    <skipped/>
  </testcase> <!-- directASMS_URL_Testing -->
  <testcase name="directASMS_URL_Testing" time="0.000" classname="com.asms.testcases.DirectURLTesting">
    <skipped/>
  </testcase> <!-- directASMS_URL_Testing -->
  <testcase name="directASMS_URL_Testing" time="0.000" classname="com.asms.testcases.DirectURLTesting">
    <skipped/>
  </testcase> <!-- directASMS_URL_Testing -->
  <testcase name="directASMS_URL_Testing" time="0.000" classname="com.asms.testcases.DirectURLTesting">
    <skipped/>
  </testcase> <!-- directASMS_URL_Testing -->
  <testcase name="directASMS_URL_Testing" time="0.000" classname="com.asms.testcases.DirectURLTesting">
    <skipped/>
  </testcase> <!-- directASMS_URL_Testing -->
  <testcase name="directASMS_URL_Testing" time="0.000" classname="com.asms.testcases.DirectURLTesting">
    <skipped/>
  </testcase> <!-- directASMS_URL_Testing -->
  <testcase name="directASMS_URL_Testing" time="0.000" classname="com.asms.testcases.DirectURLTesting">
    <skipped/>
  </testcase> <!-- directASMS_URL_Testing -->
  <testcase name="directASMS_URL_Testing" time="0.000" classname="com.asms.testcases.DirectURLTesting">
    <skipped/>
  </testcase> <!-- directASMS_URL_Testing -->
  <testcase name="directASMS_URL_Testing" time="0.000" classname="com.asms.testcases.DirectURLTesting">
    <skipped/>
  </testcase> <!-- directASMS_URL_Testing -->
  <testcase name="directASMS_URL_Testing" time="0.000" classname="com.asms.testcases.DirectURLTesting">
    <skipped/>
  </testcase> <!-- directASMS_URL_Testing -->
  <testcase name="directASMS_URL_Testing" time="0.000" classname="com.asms.testcases.DirectURLTesting">
    <skipped/>
  </testcase> <!-- directASMS_URL_Testing -->
  <testcase name="directASMS_URL_Testing" time="16.252" classname="com.asms.testcases.DirectURLTesting"/>
  <testcase name="directASMS_URL_Testing" time="0.000" classname="com.asms.testcases.DirectURLTesting">
    <skipped/>
  </testcase> <!-- directASMS_URL_Testing -->
  <testcase name="directASMS_URL_Testing" time="0.000" classname="com.asms.testcases.DirectURLTesting">
    <skipped/>
  </testcase> <!-- directASMS_URL_Testing -->
  <testcase name="directASMS_URL_Testing" time="0.000" classname="com.asms.testcases.DirectURLTesting">
    <skipped/>
  </testcase> <!-- directASMS_URL_Testing -->
  <testcase name="directASMS_URL_Testing" time="0.000" classname="com.asms.testcases.DirectURLTesting">
    <skipped/>
  </testcase> <!-- directASMS_URL_Testing -->
  <testcase name="directASMS_URL_Testing" time="0.000" classname="com.asms.testcases.DirectURLTesting">
    <skipped/>
  </testcase> <!-- directASMS_URL_Testing -->
  <testcase name="directASMS_URL_Testing" time="0.000" classname="com.asms.testcases.DirectURLTesting">
    <skipped/>
  </testcase> <!-- directASMS_URL_Testing -->
  <testcase name="directASMS_URL_Testing" time="0.000" classname="com.asms.testcases.DirectURLTesting">
    <skipped/>
  </testcase> <!-- directASMS_URL_Testing -->
  <testcase name="directASMS_URL_Testing" time="0.000" classname="com.asms.testcases.DirectURLTesting">
    <skipped/>
  </testcase> <!-- directASMS_URL_Testing -->
  <testcase name="directASMS_URL_Testing" time="0.000" classname="com.asms.testcases.DirectURLTesting">
    <skipped/>
  </testcase> <!-- directASMS_URL_Testing -->
  <testcase name="directASMS_URL_Testing" time="0.000" classname="com.asms.testcases.DirectURLTesting">
    <skipped/>
  </testcase> <!-- directASMS_URL_Testing -->
  <testcase name="directASMS_URL_Testing" time="0.000" classname="com.asms.testcases.DirectURLTesting">
    <skipped/>
  </testcase> <!-- directASMS_URL_Testing -->
  <testcase name="directASMS_URL_Testing" time="0.000" classname="com.asms.testcases.DirectURLTesting">
    <skipped/>
  </testcase> <!-- directASMS_URL_Testing -->
  <testcase name="directASMS_URL_Testing" time="0.000" classname="com.asms.testcases.DirectURLTesting">
    <skipped/>
  </testcase> <!-- directASMS_URL_Testing -->
  <testcase name="directASMS_URL_Testing" time="0.000" classname="com.asms.testcases.DirectURLTesting">
    <skipped/>
  </testcase> <!-- directASMS_URL_Testing -->
  <testcase name="directASMS_URL_Testing" time="0.000" classname="com.asms.testcases.DirectURLTesting">
    <skipped/>
  </testcase> <!-- directASMS_URL_Testing -->
  <testcase name="directASMS_URL_Testing" time="0.000" classname="com.asms.testcases.DirectURLTesting">
    <skipped/>
  </testcase> <!-- directASMS_URL_Testing -->
  <testcase name="directASMS_URL_Testing" time="17.665" classname="com.asms.testcases.DirectURLTesting"/>
  <testcase name="directASMS_URL_Testing" time="0.000" classname="com.asms.testcases.DirectURLTesting">
    <skipped/>
  </testcase> <!-- directASMS_URL_Testing -->
  <testcase name="directASMS_URL_Testing" time="0.000" classname="com.asms.testcases.DirectURLTesting">
    <skipped/>
  </testcase> <!-- directASMS_URL_Testing -->
  <testcase name="directASMS_URL_Testing" time="73.727" classname="com.asms.testcases.DirectURLTesting"/>
  <testcase name="directASMS_URL_Testing" time="0.000" classname="com.asms.testcases.DirectURLTesting">
    <skipped/>
  </testcase> <!-- directASMS_URL_Testing -->
  <testcase name="directASMS_URL_Testing" time="14.342" classname="com.asms.testcases.DirectURLTesting">
    <failure type="java.lang.AssertionError" message="The following asserts failed:
	expected [Welcome to Aviator SMS] but found [Employee Search Page]">
      <![CDATA[java.lang.AssertionError: The following asserts failed:
expected [Welcome to Aviator SMS] but found [Employee Search Page]
at org.testng.asserts.SoftAssert.assertAll(SoftAssert.java:43)
at com.asms.testcases.DirectURLTesting.directASMS_URL_Testing(DirectURLTesting.java:69)
at sun.reflect.NativeMethodAccessorImpl.invoke0(Native Method)
at sun.reflect.NativeMethodAccessorImpl.invoke(NativeMethodAccessorImpl.java:62)
at sun.reflect.DelegatingMethodAccessorImpl.invoke(DelegatingMethodAccessorImpl.java:43)
at java.lang.reflect.Method.invoke(Method.java:498)
at org.testng.internal.MethodInvocationHelper.invokeMethod(MethodInvocationHelper.java:124)
at org.testng.internal.Invoker.invokeMethod(Invoker.java:583)
at org.testng.internal.Invoker.invokeTestMethod(Invoker.java:719)
at org.testng.internal.Invoker.invokeTestMethods(Invoker.java:989)
at org.testng.internal.TestMethodWorker.invokeTestMethods(TestMethodWorker.java:125)
at org.testng.internal.TestMethodWorker.run(TestMethodWorker.java:109)
at org.testng.TestRunner.privateRun(TestRunner.java:648)
at org.testng.TestRunner.run(TestRunner.java:505)
at org.testng.SuiteRunner.runTest(SuiteRunner.java:455)
at org.testng.SuiteRunner.runSequentially(SuiteRunner.java:450)
at org.testng.SuiteRunner.privateRun(SuiteRunner.java:415)
at org.testng.SuiteRunner.run(SuiteRunner.java:364)
at org.testng.SuiteRunnerWorker.runSuite(SuiteRunnerWorker.java:52)
at org.testng.SuiteRunnerWorker.run(SuiteRunnerWorker.java:84)
at org.testng.TestNG.runSuitesSequentially(TestNG.java:1208)
at org.testng.TestNG.runSuitesLocally(TestNG.java:1137)
at org.testng.TestNG.runSuites(TestNG.java:1049)
at org.testng.TestNG.run(TestNG.java:1017)
at org.testng.remote.AbstractRemoteTestNG.run(AbstractRemoteTestNG.java:114)
at org.testng.remote.RemoteTestNG.initAndRun(RemoteTestNG.java:251)
at org.testng.remote.RemoteTestNG.main(RemoteTestNG.java:77)
]]>
    </failure>
  </testcase> <!-- directASMS_URL_Testing -->
  <testcase name="directASMS_URL_Testing" time="0.000" classname="com.asms.testcases.DirectURLTesting">
    <skipped/>
  </testcase> <!-- directASMS_URL_Testing -->
  <testcase name="directASMS_URL_Testing" time="0.000" classname="com.asms.testcases.DirectURLTesting">
    <skipped/>
  </testcase> <!-- directASMS_URL_Testing -->
  <testcase name="directASMS_URL_Testing" time="0.000" classname="com.asms.testcases.DirectURLTesting">
    <skipped/>
  </testcase> <!-- directASMS_URL_Testing -->
  <testcase name="directASMS_URL_Testing" time="0.000" classname="com.asms.testcases.DirectURLTesting">
    <skipped/>
  </testcase> <!-- directASMS_URL_Testing -->
  <testcase name="directASMS_URL_Testing" time="0.000" classname="com.asms.testcases.DirectURLTesting">
    <skipped/>
  </testcase> <!-- directASMS_URL_Testing -->
  <testcase name="directASMS_URL_Testing" time="15.829" classname="com.asms.testcases.DirectURLTesting">
    <failure type="java.lang.AssertionError" message="The following asserts failed:
	expected [Welcome to Aviator SMS] but found [Safety Manuals View]">
      <![CDATA[java.lang.AssertionError: The following asserts failed:
expected [Welcome to Aviator SMS] but found [Safety Manuals View]
at org.testng.asserts.SoftAssert.assertAll(SoftAssert.java:43)
at com.asms.testcases.DirectURLTesting.directASMS_URL_Testing(DirectURLTesting.java:69)
at sun.reflect.NativeMethodAccessorImpl.invoke0(Native Method)
at sun.reflect.NativeMethodAccessorImpl.invoke(NativeMethodAccessorImpl.java:62)
at sun.reflect.DelegatingMethodAccessorImpl.invoke(DelegatingMethodAccessorImpl.java:43)
at java.lang.reflect.Method.invoke(Method.java:498)
at org.testng.internal.MethodInvocationHelper.invokeMethod(MethodInvocationHelper.java:124)
at org.testng.internal.Invoker.invokeMethod(Invoker.java:583)
at org.testng.internal.Invoker.invokeTestMethod(Invoker.java:719)
at org.testng.internal.Invoker.invokeTestMethods(Invoker.java:989)
at org.testng.internal.TestMethodWorker.invokeTestMethods(TestMethodWorker.java:125)
at org.testng.internal.TestMethodWorker.run(TestMethodWorker.java:109)
at org.testng.TestRunner.privateRun(TestRunner.java:648)
at org.testng.TestRunner.run(TestRunner.java:505)
at org.testng.SuiteRunner.runTest(SuiteRunner.java:455)
at org.testng.SuiteRunner.runSequentially(SuiteRunner.java:450)
at org.testng.SuiteRunner.privateRun(SuiteRunner.java:415)
at org.testng.SuiteRunner.run(SuiteRunner.java:364)
at org.testng.SuiteRunnerWorker.runSuite(SuiteRunnerWorker.java:52)
at org.testng.SuiteRunnerWorker.run(SuiteRunnerWorker.java:84)
at org.testng.TestNG.runSuitesSequentially(TestNG.java:1208)
at org.testng.TestNG.runSuitesLocally(TestNG.java:1137)
at org.testng.TestNG.runSuites(TestNG.java:1049)
at org.testng.TestNG.run(TestNG.java:1017)
at org.testng.remote.AbstractRemoteTestNG.run(AbstractRemoteTestNG.java:114)
at org.testng.remote.RemoteTestNG.initAndRun(RemoteTestNG.java:251)
at org.testng.remote.RemoteTestNG.main(RemoteTestNG.java:77)
]]>
    </failure>
  </testcase> <!-- directASMS_URL_Testing -->
  <testcase name="directASMS_URL_Testing" time="0.000" classname="com.asms.testcases.DirectURLTesting">
    <skipped/>
  </testcase> <!-- directASMS_URL_Testing -->
  <testcase name="directASMS_URL_Testing" time="0.000" classname="com.asms.testcases.DirectURLTesting">
    <skipped/>
  </testcase> <!-- directASMS_URL_Testing -->
  <testcase name="directASMS_URL_Testing" time="0.000" classname="com.asms.testcases.DirectURLTesting">
    <skipped/>
  </testcase> <!-- directASMS_URL_Testing -->
  <testcase name="directASMS_URL_Testing" time="37.496" classname="com.asms.testcases.DirectURLTesting">
    <failure type="java.lang.AssertionError" message="The following asserts failed:
	expected [Welcome to Aviator SMS] but found [Hazard DashBoard]">
      <![CDATA[java.lang.AssertionError: The following asserts failed:
expected [Welcome to Aviator SMS] but found [Hazard DashBoard]
at org.testng.asserts.SoftAssert.assertAll(SoftAssert.java:43)
at com.asms.testcases.DirectURLTesting.directASMS_URL_Testing(DirectURLTesting.java:69)
at sun.reflect.GeneratedMethodAccessor46.invoke(Unknown Source)
at sun.reflect.DelegatingMethodAccessorImpl.invoke(DelegatingMethodAccessorImpl.java:43)
at java.lang.reflect.Method.invoke(Method.java:498)
at org.testng.internal.MethodInvocationHelper.invokeMethod(MethodInvocationHelper.java:124)
at org.testng.internal.Invoker.invokeMethod(Invoker.java:583)
at org.testng.internal.Invoker.invokeTestMethod(Invoker.java:719)
at org.testng.internal.Invoker.invokeTestMethods(Invoker.java:989)
at org.testng.internal.TestMethodWorker.invokeTestMethods(TestMethodWorker.java:125)
at org.testng.internal.TestMethodWorker.run(TestMethodWorker.java:109)
at org.testng.TestRunner.privateRun(TestRunner.java:648)
at org.testng.TestRunner.run(TestRunner.java:505)
at org.testng.SuiteRunner.runTest(SuiteRunner.java:455)
at org.testng.SuiteRunner.runSequentially(SuiteRunner.java:450)
at org.testng.SuiteRunner.privateRun(SuiteRunner.java:415)
at org.testng.SuiteRunner.run(SuiteRunner.java:364)
at org.testng.SuiteRunnerWorker.runSuite(SuiteRunnerWorker.java:52)
at org.testng.SuiteRunnerWorker.run(SuiteRunnerWorker.java:84)
at org.testng.TestNG.runSuitesSequentially(TestNG.java:1208)
at org.testng.TestNG.runSuitesLocally(TestNG.java:1137)
at org.testng.TestNG.runSuites(TestNG.java:1049)
at org.testng.TestNG.run(TestNG.java:1017)
at org.testng.remote.AbstractRemoteTestNG.run(AbstractRemoteTestNG.java:114)
at org.testng.remote.RemoteTestNG.initAndRun(RemoteTestNG.java:251)
at org.testng.remote.RemoteTestNG.main(RemoteTestNG.java:77)
]]>
    </failure>
  </testcase> <!-- directASMS_URL_Testing -->
  <testcase name="directASMS_URL_Testing" time="0.000" classname="com.asms.testcases.DirectURLTesting">
    <skipped/>
  </testcase> <!-- directASMS_URL_Testing -->
  <testcase name="directASMS_URL_Testing" time="0.000" classname="com.asms.testcases.DirectURLTesting">
    <skipped/>
  </testcase> <!-- directASMS_URL_Testing -->
  <testcase name="directASMS_URL_Testing" time="0.000" classname="com.asms.testcases.DirectURLTesting">
    <skipped/>
  </testcase> <!-- directASMS_URL_Testing -->
  <testcase name="directASMS_URL_Testing" time="0.000" classname="com.asms.testcases.DirectURLTesting">
    <skipped/>
  </testcase> <!-- directASMS_URL_Testing -->
  <testcase name="directASMS_URL_Testing" time="0.000" classname="com.asms.testcases.DirectURLTesting">
    <skipped/>
  </testcase> <!-- directASMS_URL_Testing -->
  <testcase name="directASMS_URL_Testing" time="0.000" classname="com.asms.testcases.DirectURLTesting">
    <skipped/>
  </testcase> <!-- directASMS_URL_Testing -->
  <testcase name="directASMS_URL_Testing" time="0.000" classname="com.asms.testcases.DirectURLTesting">
    <skipped/>
  </testcase> <!-- directASMS_URL_Testing -->
  <testcase name="directASMS_URL_Testing" time="0.000" classname="com.asms.testcases.DirectURLTesting">
    <skipped/>
  </testcase> <!-- directASMS_URL_Testing -->
  <testcase name="directASMS_URL_Testing" time="0.000" classname="com.asms.testcases.DirectURLTesting">
    <skipped/>
  </testcase> <!-- directASMS_URL_Testing -->
  <testcase name="directASMS_URL_Testing" time="0.000" classname="com.asms.testcases.DirectURLTesting">
    <skipped/>
  </testcase> <!-- directASMS_URL_Testing -->
  <testcase name="directASMS_URL_Testing" time="16.308" classname="com.asms.testcases.DirectURLTesting"/>
  <testcase name="directASMS_URL_Testing" time="0.000" classname="com.asms.testcases.DirectURLTesting">
    <skipped/>
  </testcase> <!-- directASMS_URL_Testing -->
  <testcase name="directASMS_URL_Testing" time="0.000" classname="com.asms.testcases.DirectURLTesting">
    <skipped/>
  </testcase> <!-- directASMS_URL_Testing -->
  <testcase name="directASMS_URL_Testing" time="28.653" classname="com.asms.testcases.DirectURLTesting"/>
  <testcase name="directASMS_URL_Testing" time="0.000" classname="com.asms.testcases.DirectURLTesting">
    <skipped/>
  </testcase> <!-- directASMS_URL_Testing -->
  <testcase name="directASMS_URL_Testing" time="0.000" classname="com.asms.testcases.DirectURLTesting">
    <skipped/>
  </testcase> <!-- directASMS_URL_Testing -->
  <testcase name="directASMS_URL_Testing" time="0.000" classname="com.asms.testcases.DirectURLTesting">
    <skipped/>
  </testcase> <!-- directASMS_URL_Testing -->
  <testcase name="directASMS_URL_Testing" time="0.000" classname="com.asms.testcases.DirectURLTesting">
    <skipped/>
  </testcase> <!-- directASMS_URL_Testing -->
  <testcase name="directASMS_URL_Testing" time="0.000" classname="com.asms.testcases.DirectURLTesting">
    <skipped/>
  </testcase> <!-- directASMS_URL_Testing -->
  <testcase name="directASMS_URL_Testing" time="0.000" classname="com.asms.testcases.DirectURLTesting">
    <skipped/>
  </testcase> <!-- directASMS_URL_Testing -->
  <testcase name="directASMS_URL_Testing" time="0.000" classname="com.asms.testcases.DirectURLTesting">
    <skipped/>
  </testcase> <!-- directASMS_URL_Testing -->
  <testcase name="directASMS_URL_Testing" time="0.000" classname="com.asms.testcases.DirectURLTesting">
    <skipped/>
  </testcase> <!-- directASMS_URL_Testing -->
  <testcase name="directASMS_URL_Testing" time="0.000" classname="com.asms.testcases.DirectURLTesting">
    <skipped/>
  </testcase> <!-- directASMS_URL_Testing -->
  <testcase name="directASMS_URL_Testing" time="0.000" classname="com.asms.testcases.DirectURLTesting">
    <skipped/>
  </testcase> <!-- directASMS_URL_Testing -->
  <testcase name="directASMS_URL_Testing" time="0.000" classname="com.asms.testcases.DirectURLTesting">
    <skipped/>
  </testcase> <!-- directASMS_URL_Testing -->
  <testcase name="directASMS_URL_Testing" time="18.575" classname="com.asms.testcases.DirectURLTesting"/>
  <testcase name="directASMS_URL_Testing" time="0.000" classname="com.asms.testcases.DirectURLTesting">
    <skipped/>
  </testcase> <!-- directASMS_URL_Testing -->
  <testcase name="directASMS_URL_Testing" time="0.000" classname="com.asms.testcases.DirectURLTesting">
    <skipped/>
  </testcase> <!-- directASMS_URL_Testing -->
  <testcase name="directASMS_URL_Testing" time="20.203" classname="com.asms.testcases.DirectURLTesting"/>
  <testcase name="directASMS_URL_Testing" time="14.000" classname="com.asms.testcases.DirectURLTesting"/>
  <testcase name="directASMS_URL_Testing" time="0.000" classname="com.asms.testcases.DirectURLTesting">
    <skipped/>
  </testcase> <!-- directASMS_URL_Testing -->
  <testcase name="directASMS_URL_Testing" time="17.908" classname="com.asms.testcases.DirectURLTesting"/>
  <testcase name="directASMS_URL_Testing" time="0.000" classname="com.asms.testcases.DirectURLTesting">
    <skipped/>
  </testcase> <!-- directASMS_URL_Testing -->
  <testcase name="directASMS_URL_Testing" time="0.000" classname="com.asms.testcases.DirectURLTesting">
    <skipped/>
  </testcase> <!-- directASMS_URL_Testing -->
  <testcase name="directASMS_URL_Testing" time="0.000" classname="com.asms.testcases.DirectURLTesting">
    <skipped/>
  </testcase> <!-- directASMS_URL_Testing -->
  <testcase name="directASMS_URL_Testing" time="0.000" classname="com.asms.testcases.DirectURLTesting">
    <skipped/>
  </testcase> <!-- directASMS_URL_Testing -->
  <testcase name="directASMS_URL_Testing" time="0.000" classname="com.asms.testcases.DirectURLTesting">
    <skipped/>
  </testcase> <!-- directASMS_URL_Testing -->
  <testcase name="directASMS_URL_Testing" time="0.000" classname="com.asms.testcases.DirectURLTesting">
    <skipped/>
  </testcase> <!-- directASMS_URL_Testing -->
  <testcase name="directASMS_URL_Testing" time="0.000" classname="com.asms.testcases.DirectURLTesting">
    <skipped/>
  </testcase> <!-- directASMS_URL_Testing -->
  <testcase name="directASMS_URL_Testing" time="0.000" classname="com.asms.testcases.DirectURLTesting">
    <skipped/>
  </testcase> <!-- directASMS_URL_Testing -->
  <testcase name="directASMS_URL_Testing" time="0.000" classname="com.asms.testcases.DirectURLTesting">
    <skipped/>
  </testcase> <!-- directASMS_URL_Testing -->
  <testcase name="directASMS_URL_Testing" time="0.000" classname="com.asms.testcases.DirectURLTesting">
    <skipped/>
  </testcase> <!-- directASMS_URL_Testing -->
  <testcase name="directASMS_URL_Testing" time="0.000" classname="com.asms.testcases.DirectURLTesting">
    <skipped/>
  </testcase> <!-- directASMS_URL_Testing -->
  <testcase name="directASMS_URL_Testing" time="0.000" classname="com.asms.testcases.DirectURLTesting">
    <skipped/>
  </testcase> <!-- directASMS_URL_Testing -->
  <testcase name="directASMS_URL_Testing" time="16.760" classname="com.asms.testcases.DirectURLTesting">
    <failure type="java.lang.AssertionError" message="The following asserts failed:
	expected [Welcome to Aviator SMS] but found [Safety Manuals View]">
      <![CDATA[java.lang.AssertionError: The following asserts failed:
expected [Welcome to Aviator SMS] but found [Safety Manuals View]
at org.testng.asserts.SoftAssert.assertAll(SoftAssert.java:43)
at com.asms.testcases.DirectURLTesting.directASMS_URL_Testing(DirectURLTesting.java:69)
at sun.reflect.NativeMethodAccessorImpl.invoke0(Native Method)
at sun.reflect.NativeMethodAccessorImpl.invoke(NativeMethodAccessorImpl.java:62)
at sun.reflect.DelegatingMethodAccessorImpl.invoke(DelegatingMethodAccessorImpl.java:43)
at java.lang.reflect.Method.invoke(Method.java:498)
at org.testng.internal.MethodInvocationHelper.invokeMethod(MethodInvocationHelper.java:124)
at org.testng.internal.Invoker.invokeMethod(Invoker.java:583)
at org.testng.internal.Invoker.invokeTestMethod(Invoker.java:719)
at org.testng.internal.Invoker.invokeTestMethods(Invoker.java:989)
at org.testng.internal.TestMethodWorker.invokeTestMethods(TestMethodWorker.java:125)
at org.testng.internal.TestMethodWorker.run(TestMethodWorker.java:109)
at org.testng.TestRunner.privateRun(TestRunner.java:648)
at org.testng.TestRunner.run(TestRunner.java:505)
at org.testng.SuiteRunner.runTest(SuiteRunner.java:455)
at org.testng.SuiteRunner.runSequentially(SuiteRunner.java:450)
at org.testng.SuiteRunner.privateRun(SuiteRunner.java:415)
at org.testng.SuiteRunner.run(SuiteRunner.java:364)
at org.testng.SuiteRunnerWorker.runSuite(SuiteRunnerWorker.java:52)
at org.testng.SuiteRunnerWorker.run(SuiteRunnerWorker.java:84)
at org.testng.TestNG.runSuitesSequentially(TestNG.java:1208)
at org.testng.TestNG.runSuitesLocally(TestNG.java:1137)
at org.testng.TestNG.runSuites(TestNG.java:1049)
at org.testng.TestNG.run(TestNG.java:1017)
at org.testng.remote.AbstractRemoteTestNG.run(AbstractRemoteTestNG.java:114)
at org.testng.remote.RemoteTestNG.initAndRun(RemoteTestNG.java:251)
at org.testng.remote.RemoteTestNG.main(RemoteTestNG.java:77)
]]>
    </failure>
  </testcase> <!-- directASMS_URL_Testing -->
  <testcase name="directASMS_URL_Testing" time="0.000" classname="com.asms.testcases.DirectURLTesting">
    <skipped/>
  </testcase> <!-- directASMS_URL_Testing -->
  <testcase name="directASMS_URL_Testing" time="0.000" classname="com.asms.testcases.DirectURLTesting">
    <skipped/>
  </testcase> <!-- directASMS_URL_Testing -->
  <testcase name="directASMS_URL_Testing" time="0.000" classname="com.asms.testcases.DirectURLTesting">
    <skipped/>
  </testcase> <!-- directASMS_URL_Testing -->
  <testcase name="directASMS_URL_Testing" time="0.000" classname="com.asms.testcases.DirectURLTesting">
    <skipped/>
  </testcase> <!-- directASMS_URL_Testing -->
  <testcase name="directASMS_URL_Testing" time="0.000" classname="com.asms.testcases.DirectURLTesting">
    <skipped/>
  </testcase> <!-- directASMS_URL_Testing -->
  <testcase name="directASMS_URL_Testing" time="0.000" classname="com.asms.testcases.DirectURLTesting">
    <skipped/>
  </testcase> <!-- directASMS_URL_Testing -->
  <testcase name="directASMS_URL_Testing" time="0.000" classname="com.asms.testcases.DirectURLTesting">
    <skipped/>
  </testcase> <!-- directASMS_URL_Testing -->
  <testcase name="directASMS_URL_Testing" time="0.000" classname="com.asms.testcases.DirectURLTesting">
    <skipped/>
  </testcase> <!-- directASMS_URL_Testing -->
  <testcase name="directASMS_URL_Testing" time="0.000" classname="com.asms.testcases.DirectURLTesting">
    <skipped/>
  </testcase> <!-- directASMS_URL_Testing -->
  <testcase name="directASMS_URL_Testing" time="0.000" classname="com.asms.testcases.DirectURLTesting">
    <skipped/>
  </testcase> <!-- directASMS_URL_Testing -->
  <testcase name="directASMS_URL_Testing" time="0.000" classname="com.asms.testcases.DirectURLTesting">
    <skipped/>
  </testcase> <!-- directASMS_URL_Testing -->
  <testcase name="directASMS_URL_Testing" time="0.000" classname="com.asms.testcases.DirectURLTesting">
    <skipped/>
  </testcase> <!-- directASMS_URL_Testing -->
  <testcase name="directASMS_URL_Testing" time="0.000" classname="com.asms.testcases.DirectURLTesting">
    <skipped/>
  </testcase> <!-- directASMS_URL_Testing -->
  <testcase name="directASMS_URL_Testing" time="0.000" classname="com.asms.testcases.DirectURLTesting">
    <skipped/>
  </testcase> <!-- directASMS_URL_Testing -->
  <testcase name="directASMS_URL_Testing" time="0.000" classname="com.asms.testcases.DirectURLTesting">
    <skipped/>
  </testcase> <!-- directASMS_URL_Testing -->
  <testcase name="directASMS_URL_Testing" time="0.000" classname="com.asms.testcases.DirectURLTesting">
    <skipped/>
  </testcase> <!-- directASMS_URL_Testing -->
</testsuite> <!-- com.asms.testcases.DirectURLTesting -->
